# JRE version: OpenJDK Runtime Environment (21.0.5) (build 21.0.5+-12932927-b750.29)
# Java VM: OpenJDK 64-Bit Server VM (21.0.5+-12932927-b750.29, mixed mode, tiered, compressed oops, compressed class ptrs, g1 gc, windows-amd64)
GC Precious Log:
 CardTable entry size: 512
 Card Set container configuration: InlinePtr #cards 5 size 8 Array Of Cards #cards 12 size 40 Howl #buckets 4 coarsen threshold 1843 Howl Bitmap #cards 512 size 80 coarsen threshold 460 Card regions per heap region 1 cards per card region 2048
 CPUs: 8 total, 8 available
 Memory: 12220M
 Large Page Support: Disabled
 NUMA Support: Disabled
 Compressed Oops: Enabled (32-bit)
 Heap Region Size: 1M
 Heap Min Capacity: 8M
 Heap Initial Capacity: 192M
 Heap Max Capacity: 2G
 Pre-touch: Disabled
 Parallel Workers: 8
 Concurrent Workers: 2
 Concurrent Refinement Workers: 8
 Periodic GC: Disabled
Heap:
 garbage-first heap   total 114688K, used 74005K [0x0000000080000000, 0x0000000100000000)
  region size 1024K, 5 young (5120K), 5 survivors (5120K)
 Metaspace       used 85612K, committed 87488K, reserved 1179648K
  class space    used 11415K, committed 12352K, reserved 1048576K
GC Heap History (20 events):
Event: 5.964 GC heap after
{Heap after GC invocations=17 (full 0):
 garbage-first heap   total 88064K, used 44953K [0x0000000080000000, 0x0000000100000000)
  region size 1024K, 5 young (5120K), 5 survivors (5120K)
 Metaspace       used 65940K, committed 67584K, reserved 1114112K
  class space    used 9022K, committed 9856K, reserved 1048576K
}
Event: 6.166 GC heap before
{Heap before GC invocations=17 (full 0):
 garbage-first heap   total 88064K, used 76697K [0x0000000080000000, 0x0000000100000000)
  region size 1024K, 37 young (37888K), 5 survivors (5120K)
 Metaspace       used 66340K, committed 67968K, reserved 1114112K
  class space    used 9050K, committed 9856K, reserved 1048576K
}
Event: 6.170 GC heap after
{Heap after GC invocations=18 (full 0):
 garbage-first heap   total 106496K, used 47474K [0x0000000080000000, 0x0000000100000000)
  region size 1024K, 4 young (4096K), 4 survivors (4096K)
 Metaspace       used 66340K, committed 67968K, reserved 1114112K
  class space    used 9050K, committed 9856K, reserved 1048576K
}
Event: 6.394 GC heap before
{Heap before GC invocations=19 (full 0):
 garbage-first heap   total 106496K, used 91506K [0x0000000080000000, 0x0000000100000000)
  region size 1024K, 48 young (49152K), 4 survivors (4096K)
 Metaspace       used 66547K, committed 68160K, reserved 1114112K
  class space    used 9050K, committed 9856K, reserved 1048576K
}
Event: 6.396 GC heap after
{Heap after GC invocations=20 (full 0):
 garbage-first heap   total 106496K, used 48300K [0x0000000080000000, 0x0000000100000000)
  region size 1024K, 5 young (5120K), 5 survivors (5120K)
 Metaspace       used 66547K, committed 68160K, reserved 1114112K
  class space    used 9050K, committed 9856K, reserved 1048576K
}
Event: 6.663 GC heap before
{Heap before GC invocations=20 (full 0):
 garbage-first heap   total 106496K, used 92332K [0x0000000080000000, 0x0000000100000000)
  region size 1024K, 49 young (50176K), 5 survivors (5120K)
 Metaspace       used 66849K, committed 68480K, reserved 1114112K
  class space    used 9088K, committed 9920K, reserved 1048576K
}
Event: 6.666 GC heap after
{Heap after GC invocations=21 (full 0):
 garbage-first heap   total 106496K, used 48310K [0x0000000080000000, 0x0000000100000000)
  region size 1024K, 5 young (5120K), 5 survivors (5120K)
 Metaspace       used 66849K, committed 68480K, reserved 1114112K
  class space    used 9088K, committed 9920K, reserved 1048576K
}
Event: 6.686 GC heap before
{Heap before GC invocations=21 (full 0):
 garbage-first heap   total 106496K, used 48310K [0x0000000080000000, 0x0000000100000000)
  region size 1024K, 6 young (6144K), 5 survivors (5120K)
 Metaspace       used 66885K, committed 68544K, reserved 1114112K
  class space    used 9089K, committed 9920K, reserved 1048576K
}
Event: 6.690 GC heap after
{Heap after GC invocations=22 (full 0):
 garbage-first heap   total 106496K, used 48480K [0x0000000080000000, 0x0000000100000000)
  region size 1024K, 4 young (4096K), 4 survivors (4096K)
 Metaspace       used 66885K, committed 68544K, reserved 1114112K
  class space    used 9089K, committed 9920K, reserved 1048576K
}
Event: 7.351 GC heap before
{Heap before GC invocations=23 (full 0):
 garbage-first heap   total 106496K, used 101728K [0x0000000080000000, 0x0000000100000000)
  region size 1024K, 50 young (51200K), 4 survivors (4096K)
 Metaspace       used 70265K, committed 71936K, reserved 1114112K
  class space    used 9539K, committed 10368K, reserved 1048576K
}
Event: 7.354 GC heap after
{Heap after GC invocations=24 (full 0):
 garbage-first heap   total 113664K, used 60579K [0x0000000080000000, 0x0000000100000000)
  region size 1024K, 7 young (7168K), 7 survivors (7168K)
 Metaspace       used 70265K, committed 71936K, reserved 1114112K
  class space    used 9539K, committed 10368K, reserved 1048576K
}
Event: 7.745 GC heap before
{Heap before GC invocations=24 (full 0):
 garbage-first heap   total 113664K, used 97443K [0x0000000080000000, 0x0000000100000000)
  region size 1024K, 44 young (45056K), 7 survivors (7168K)
 Metaspace       used 74570K, committed 76288K, reserved 1114112K
  class space    used 9946K, committed 10816K, reserved 1048576K
}
Event: 7.748 GC heap after
{Heap after GC invocations=25 (full 0):
 garbage-first heap   total 113664K, used 61635K [0x0000000080000000, 0x0000000100000000)
  region size 1024K, 2 young (2048K), 2 survivors (2048K)
 Metaspace       used 74570K, committed 76288K, reserved 1114112K
  class space    used 9946K, committed 10816K, reserved 1048576K
}
Event: 8.132 GC heap before
{Heap before GC invocations=25 (full 0):
 garbage-first heap   total 113664K, used 97475K [0x0000000080000000, 0x0000000100000000)
  region size 1024K, 39 young (39936K), 2 survivors (2048K)
 Metaspace       used 79134K, committed 80960K, reserved 1179648K
  class space    used 10573K, committed 11456K, reserved 1048576K
}
Event: 8.135 GC heap after
{Heap after GC invocations=26 (full 0):
 garbage-first heap   total 113664K, used 64276K [0x0000000080000000, 0x0000000100000000)
  region size 1024K, 4 young (4096K), 4 survivors (4096K)
 Metaspace       used 79134K, committed 80960K, reserved 1179648K
  class space    used 10573K, committed 11456K, reserved 1048576K
}
Event: 8.459 GC heap before
{Heap before GC invocations=27 (full 0):
 garbage-first heap   total 114688K, used 107284K [0x0000000080000000, 0x0000000100000000)
  region size 1024K, 41 young (41984K), 4 survivors (4096K)
 Metaspace       used 81051K, committed 82880K, reserved 1179648K
  class space    used 10845K, committed 11776K, reserved 1048576K
}
Event: 8.463 GC heap after
{Heap after GC invocations=28 (full 0):
 garbage-first heap   total 114688K, used 68586K [0x0000000080000000, 0x0000000100000000)
  region size 1024K, 6 young (6144K), 6 survivors (6144K)
 Metaspace       used 81051K, committed 82880K, reserved 1179648K
  class space    used 10845K, committed 11776K, reserved 1048576K
}
Event: 8.824 GC heap before
{Heap before GC invocations=28 (full 0):
 garbage-first heap   total 114688K, used 101354K [0x0000000080000000, 0x0000000100000000)
  region size 1024K, 38 young (38912K), 6 survivors (6144K)
 Metaspace       used 83756K, committed 85632K, reserved 1179648K
  class space    used 11183K, committed 12096K, reserved 1048576K
}
Event: 8.828 GC heap after
{Heap after GC invocations=29 (full 0):
 garbage-first heap   total 114688K, used 70539K [0x0000000080000000, 0x0000000100000000)
  region size 1024K, 2 young (2048K), 2 survivors (2048K)
 Metaspace       used 83756K, committed 85632K, reserved 1179648K
  class space    used 11183K, committed 12096K, reserved 1048576K
}
Event: 9.151 GC heap before
{Heap before GC invocations=29 (full 0):
 garbage-first heap   total 114688K, used 105355K [0x0000000080000000, 0x0000000100000000)
  region size 1024K, 36 young (36864K), 2 survivors (2048K)
 Metaspace       used 85612K, committed 87488K, reserved 1179648K
  class space    used 11415K, committed 12352K, reserved 1048576K
}

